[    0.000000] Initializing cgroup subsys cpuset
[    0.000000] Initializing cgroup subsys cpu
[    0.000000] Initializing cgroup subsys cpuacct
[    0.000000] Linux version 4.4.0-165-generic (buildd@lgw01-amd64-027) (gcc version 5.4.0 20160609 (Ubuntu 5.4.0-6ubuntu1~16.04.10) ) #193-Ubuntu SMP Tue Sep 17 17:42:52 UTC 2019 (Ubuntu 4.4.0-165.193-generic 4.4.189)
[    0.000000] Command line: BOOT_IMAGE=/boot/vmlinuz-4.4.0-165-generic root=UUID=995a2cb8-7ebb-4e32-9c4a-312146cdce74 ro console=tty1 console=ttyS0
[    0.000000] KERNEL supported cpus:
[    0.000000]   Intel GenuineIntel
[    0.000000]   AMD AuthenticAMD
[    0.000000]   Centaur CentaurHauls
[    0.000000] x86/fpu: xstate_offset[2]:  576, xstate_sizes[2]:  256
[    0.000000] x86/fpu: Supporting XSAVE feature 0x01: 'x87 floating point registers'
[    0.000000] x86/fpu: Supporting XSAVE feature 0x02: 'SSE registers'
[    0.000000] x86/fpu: Supporting XSAVE feature 0x04: 'AVX registers'
[    0.000000] x86/fpu: Enabled xstate features 0x7, context size is 832 bytes, using 'standard' format.
[    0.000000] e820: BIOS-provided physical RAM map:
[    0.000000] BIOS-e820: [mem 0x0000000000000000-0x000000000009fbff] usable
[    0.000000] BIOS-e820: [mem 0x000000000009fc00-0x000000000009ffff] reserved
[    0.000000] BIOS-e820: [mem 0x00000000000f0000-0x00000000000fffff] reserved
[    0.000000] BIOS-e820: [mem 0x0000000000100000-0x000000003ffeffff] usable
[    0.000000] BIOS-e820: [mem 0x000000003fff0000-0x000000003fffffff] ACPI data
[    0.000000] BIOS-e820: [mem 0x00000000fec00000-0x00000000fec00fff] reserved
[    0.000000] BIOS-e820: [mem 0x00000000fee00000-0x00000000fee00fff] reserved
[    0.000000] BIOS-e820: [mem 0x00000000fffc0000-0x00000000ffffffff] reserved
[    0.000000] NX (Execute Disable) protection: active
[    0.000000] SMBIOS 2.5 present.
[    0.000000] Hypervisor detected: KVM
[    0.000000] Kernel/User page tables isolation: disabled
[    0.000000] e820: last_pfn = 0x3fff0 max_arch_pfn = 0x400000000
[    0.000000] MTRR: Disabled
[    0.000000] x86/PAT: MTRRs disabled, skipping PAT initialization too.
[    0.000000] CPU MTRRs all blank - virtualized system.
[    0.000000] x86/PAT: Configuration [0-7]: WB  WT  UC- UC  WB  WT  UC- UC  
[    0.000000] found SMP MP-table at [mem 0x0009fff0-0x0009ffff] mapped at [ffff88000009fff0]
[    0.000000] Scanning 1 areas for low memory corruption
[    0.000000] RAMDISK: [mem 0x361e0000-0x370e7fff]
[    0.000000] ACPI: Early table checksum verification disabled
[    0.000000] ACPI: RSDP 0x00000000000E0000 000024 (v02 VBOX  )
[    0.000000] ACPI: XSDT 0x000000003FFF0030 00003C (v01 VBOX   VBOXXSDT 00000001 ASL  00000061)
[    0.000000] ACPI: FACP 0x000000003FFF00F0 0000F4 (v04 VBOX   VBOXFACP 00000001 ASL  00000061)
[    0.000000] ACPI: DSDT 0x000000003FFF0470 0022EA (v02 VBOX   VBOXBIOS 00000002 INTL 20100528)
[    0.000000] ACPI: FACS 0x000000003FFF0200 000040
[    0.000000] ACPI: FACS 0x000000003FFF0200 000040
[    0.000000] ACPI: APIC 0x000000003FFF0240 00005C (v02 VBOX   VBOXAPIC 00000001 ASL  00000061)
[    0.000000] ACPI: SSDT 0x000000003FFF02A0 0001CC (v01 VBOX   VBOXCPUT 00000002 INTL 20100528)
[    0.000000] No NUMA configuration found
[    0.000000] Faking a node at [mem 0x0000000000000000-0x000000003ffeffff]
[    0.000000] NODE_DATA(0) allocated [mem 0x3ffeb000-0x3ffeffff]
[    0.000000] kvm-clock: Using msrs 4b564d01 and 4b564d00
[    0.000000] kvm-clock: cpu 0, msr 0:3ffe3001, primary cpu clock
[    0.000000] kvm-clock: using sched offset of 4401426789 cycles
[    0.000000] clocksource: kvm-clock: mask: 0xffffffffffffffff max_cycles: 0x1cd42e4dffb, max_idle_ns: 881590591483 ns
[    0.000000] Zone ranges:
[    0.000000]   DMA      [mem 0x0000000000001000-0x0000000000ffffff]
[    0.000000]   DMA32    [mem 0x0000000001000000-0x000000003ffeffff]
[    0.000000]   Normal   empty
[    0.000000]   Device   empty
[    0.000000] Movable zone start for each node
[    0.000000] Early memory node ranges
[    0.000000]   node   0: [mem 0x0000000000001000-0x000000000009efff]
[    0.000000]   node   0: [mem 0x0000000000100000-0x000000003ffeffff]
[    0.000000] Initmem setup node 0 [mem 0x0000000000001000-0x000000003ffeffff]
[    0.000000] ACPI: PM-Timer IO Port: 0x4008
[    0.000000] IOAPIC[0]: apic_id 2, version 32, address 0xfec00000, GSI 0-23
[    0.000000] ACPI: INT_SRC_OVR (bus 0 bus_irq 0 global_irq 2 dfl dfl)
[    0.000000] ACPI: INT_SRC_OVR (bus 0 bus_irq 9 global_irq 9 low level)
[    0.000000] Using ACPI (MADT) for SMP configuration information
[    0.000000] smpboot: Allowing 2 CPUs, 0 hotplug CPUs
[    0.000000] PM: Registered nosave memory: [mem 0x00000000-0x00000fff]
[    0.000000] PM: Registered nosave memory: [mem 0x0009f000-0x0009ffff]
[    0.000000] PM: Registered nosave memory: [mem 0x000a0000-0x000effff]
[    0.000000] PM: Registered nosave memory: [mem 0x000f0000-0x000fffff]
[    0.000000] e820: [mem 0x40000000-0xfebfffff] available for PCI devices
[    0.000000] Booting paravirtualized kernel on KVM
[    0.000000] clocksource: refined-jiffies: mask: 0xffffffff max_cycles: 0xffffffff, max_idle_ns: 7645519600211568 ns
[    0.000000] setup_percpu: NR_CPUS:512 nr_cpumask_bits:512 nr_cpu_ids:2 nr_node_ids:1
[    0.000000] PERCPU: Embedded 34 pages/cpu @ffff88003fc00000 s99544 r8192 d31528 u1048576
[    0.000000] Built 1 zonelists in Node order, mobility grouping on.  Total pages: 257912
[    0.000000] Policy zone: DMA32
[    0.000000] Kernel command line: BOOT_IMAGE=/boot/vmlinuz-4.4.0-165-generic root=UUID=995a2cb8-7ebb-4e32-9c4a-312146cdce74 ro console=tty1 console=ttyS0
[    0.000000] PID hash table entries: 4096 (order: 3, 32768 bytes)
[    0.000000] Memory: 997168K/1048120K available (8621K kernel code, 1335K rwdata, 4032K rodata, 1484K init, 1284K bss, 50952K reserved, 0K cma-reserved)
[    0.000000] SLUB: HWalign=64, Order=0-3, MinObjects=0, CPUs=2, Nodes=1
[    0.000000] Hierarchical RCU implementation.
[    0.000000] 	Build-time adjustment of leaf fanout to 64.
[    0.000000] 	RCU restricting CPUs from NR_CPUS=512 to nr_cpu_ids=2.
[    0.000000] RCU: Adjusting geometry for rcu_fanout_leaf=64, nr_cpu_ids=2
[    0.000000] NR_IRQS:33024 nr_irqs:440 16
[    0.000000] Console: colour VGA+ 80x25
[    0.000000] console [tty1] enabled
[    0.000000] console [ttyS0] enabled
[    0.000000] tsc: Detected 1800.003 MHz processor
[    0.157822] Calibrating delay loop (skipped) preset value.. 3600.00 BogoMIPS (lpj=7200012)
[    0.159632] pid_max: default: 32768 minimum: 301
[    0.160644] ACPI: Core revision 20150930
[    0.163057] ACPI: 2 ACPI AML tables successfully acquired and loaded
[    0.164515] Security Framework initialized
[    0.165507] Yama: becoming mindful.
[    0.166371] AppArmor: AppArmor initialized
[    0.167356] Dentry cache hash table entries: 131072 (order: 8, 1048576 bytes)
[    0.168926] Inode-cache hash table entries: 65536 (order: 7, 524288 bytes)
[    0.173212] Mount-cache hash table entries: 2048 (order: 2, 16384 bytes)
[    0.174523] Mountpoint-cache hash table entries: 2048 (order: 2, 16384 bytes)
[    0.176016] Initializing cgroup subsys io
[    0.176968] Initializing cgroup subsys memory
[    0.177888] Initializing cgroup subsys devices
[    0.178848] Initializing cgroup subsys freezer
[    0.179838] Initializing cgroup subsys net_cls
[    0.180873] Initializing cgroup subsys perf_event
[    0.181902] Initializing cgroup subsys net_prio
[    0.182872] Initializing cgroup subsys hugetlb
[    0.183832] Initializing cgroup subsys pids
[    0.185872] mce: CPU supports 0 MCE banks
[    0.186779] Last level iTLB entries: 4KB 64, 2MB 8, 4MB 8
[    0.187980] Last level dTLB entries: 4KB 64, 2MB 0, 4MB 0, 1GB 4
[    0.189346] Spectre V1 : Mitigation: usercopy/swapgs barriers and __user pointer sanitization
[    0.191656] Spectre V2 : Mitigation: Full generic retpoline
[    0.193753] Spectre V2 : Spectre v2 / SpectreRSB mitigation: Filling RSB on context switch
[    0.196112] Speculative Store Bypass: Vulnerable
[    0.197446] MDS: Vulnerable: Clear CPU buffers attempted, no microcode
[    0.201492] Freeing SMP alternatives memory: 36K
[    0.208496] ftrace: allocating 32318 entries in 127 pages
[    0.267390] smpboot: APIC(0) Converting physical 0 to logical package 0
[    0.268717] smpboot: Max logical packages: 1
[    0.269972] x2apic enabled
[    0.270954] Switched APIC routing to physical x2apic.
[    0.273291] ..TIMER: vector=0x30 apic1=0 pin1=2 apic2=-1 pin2=-1
[    0.381834] APIC calibration not consistent with PM-Timer: 98ms instead of 100ms
[    0.383543] APIC delta adjusted to PM-Timer: 6245558 (6167200)
[    0.384793] smpboot: CPU0: Intel(R) Core(TM) i5-8265U CPU @ 1.60GHz (family: 0x6, model: 0x8e, stepping: 0xb)
[    0.387194] Performance Events: unsupported p6 CPU model 142 no PMU driver, software events only.
[    0.397296] KVM setup paravirtual spinlock
[    0.398845] x86: Booting SMP configuration:
[    0.399808] .... node  #0, CPUs:      #1
[    0.400917] kvm-clock: cpu 1, msr 0:3ffe3041, secondary cpu clock
[    0.402827] mce: CPU supports 0 MCE banks
[    0.405353] x86: Booted up 1 node, 2 CPUs
[    0.406527] smpboot: Total of 2 processors activated (7200.01 BogoMIPS)
[    0.408205] devtmpfs: initialized
[    0.410028] evm: security.selinux
[    0.410968] evm: security.SMACK64
[    0.412008] evm: security.SMACK64EXEC
[    0.412881] evm: security.SMACK64TRANSMUTE
[    0.413929] evm: security.SMACK64MMAP
[    0.414899] evm: security.ima
[    0.415671] evm: security.capability
[    0.416698] clocksource: jiffies: mask: 0xffffffff max_cycles: 0xffffffff, max_idle_ns: 7645041785100000 ns
[    0.418845] futex hash table entries: 512 (order: 3, 32768 bytes)
[    0.420229] pinctrl core: initialized pinctrl subsystem
[    0.421442] RTC time: 16:30:03, date: 10/07/19
[    0.425145] NET: Registered protocol family 16
[    0.438675] cpuidle: using governor ladder
[    0.450873] cpuidle: using governor menu
[    0.454249] PCCT header not found.
[    0.456513] ACPI: bus type PCI registered
[    0.458899] acpiphp: ACPI Hot Plug PCI Controller Driver version: 0.5
[    0.461724] PCI: Using configuration type 1 for base access
[    0.478782] ACPI: Added _OSI(Module Device)
[    0.481132] ACPI: Added _OSI(Processor Device)
[    0.483536] ACPI: Added _OSI(3.0 _SCP Extensions)
[    0.485633] ACPI: Added _OSI(Processor Aggregator Device)
[    0.488933] ACPI: Executed 1 blocks of module-level executable AML code
[    0.494662] ACPI: Interpreter enabled
[    0.495812] ACPI: (supports S0 S5)
[    0.496907] ACPI: Using IOAPIC for interrupt routing
[    0.498668] PCI: Using host bridge windows from ACPI; if necessary, use "pci=nocrs" and report a bug
[    0.504999] ACPI: PCI Root Bridge [PCI0] (domain 0000 [bus 00-ff])
[    0.506356] acpi PNP0A03:00: _OSC: OS supports [ASPM ClockPM Segments MSI]
[    0.508074] acpi PNP0A03:00: _OSC: not requesting OS control; OS requires [ExtendedConfig ASPM ClockPM MSI]
[    0.510108] acpi PNP0A03:00: fail to add MMCONFIG information, can't access extended PCI configuration space under this bridge.
[    0.512679] PCI host bridge to bus 0000:00
[    0.513619] pci_bus 0000:00: root bus resource [io  0x0000-0x0cf7 window]
[    0.514909] pci_bus 0000:00: root bus resource [io  0x0d00-0xffff window]
[    0.516232] pci_bus 0000:00: root bus resource [mem 0x000a0000-0x000bffff window]
[    0.517977] pci_bus 0000:00: root bus resource [mem 0x40000000-0xfdffffff window]
[    0.519675] pci_bus 0000:00: root bus resource [bus 00-ff]
[    0.522571] pci 0000:00:01.1: legacy IDE quirk: reg 0x10: [io  0x01f0-0x01f7]
[    0.536040] pci 0000:00:01.1: legacy IDE quirk: reg 0x14: [io  0x03f6]
[    0.537452] pci 0000:00:01.1: legacy IDE quirk: reg 0x18: [io  0x0170-0x0177]
[    0.538850] pci 0000:00:01.1: legacy IDE quirk: reg 0x1c: [io  0x0376]
[    0.553488] pci 0000:00:07.0: quirk: [io  0x4000-0x403f] claimed by PIIX4 ACPI
[    0.555103] pci 0000:00:07.0: quirk: [io  0x4100-0x410f] claimed by PIIX4 SMB
[    0.563757] ACPI: PCI Interrupt Link [LNKA] (IRQs 5 9 10 *11)
[    0.565667] ACPI: PCI Interrupt Link [LNKB] (IRQs 5 9 *10 11)
[    0.567371] ACPI: PCI Interrupt Link [LNKC] (IRQs 5 *9 10 11)
[    0.569084] ACPI: PCI Interrupt Link [LNKD] (IRQs 5 9 10 *11)
[    0.570843] ACPI: Enabled 2 GPEs in block 00 to 07
[    0.572211] vgaarb: setting as boot device: PCI:0000:00:02.0
[    0.573352] vgaarb: device added: PCI:0000:00:02.0,decodes=io+mem,owns=io+mem,locks=none
[    0.575251] vgaarb: loaded
[    0.575962] vgaarb: bridge control possible 0000:00:02.0
[    0.577314] SCSI subsystem initialized
[    0.578372] ACPI: bus type USB registered
[    0.579282] usbcore: registered new interface driver usbfs
[    0.580363] usbcore: registered new interface driver hub
[    0.581483] usbcore: registered new device driver usb
[    0.582945] PCI: Using ACPI for IRQ routing
[    0.584108] NetLabel: Initializing
[    0.585100] NetLabel:  domain hash size = 128
[    0.586140] NetLabel:  protocols = UNLABELED CIPSOv4
[    0.587188] NetLabel:  unlabeled traffic allowed by default
[    0.588409] amd_nb: Cannot enumerate AMD northbridges
[    0.589558] clocksource: Switched to clocksource kvm-clock
[    0.600747] AppArmor: AppArmor Filesystem Enabled
[    0.602046] pnp: PnP ACPI init
[    0.603719] pnp: PnP ACPI: found 3 devices
[    0.613810] clocksource: acpi_pm: mask: 0xffffff max_cycles: 0xffffff, max_idle_ns: 2085701024 ns
[    0.615770] NET: Registered protocol family 2
[    0.616921] TCP established hash table entries: 8192 (order: 4, 65536 bytes)
[    0.618403] TCP bind hash table entries: 8192 (order: 5, 131072 bytes)
[    0.619699] TCP: Hash tables configured (established 8192 bind 8192)
[    0.620903] UDP hash table entries: 512 (order: 2, 16384 bytes)
[    0.622118] UDP-Lite hash table entries: 512 (order: 2, 16384 bytes)
[    0.623337] NET: Registered protocol family 1
[    0.624303] pci 0000:00:00.0: Limiting direct PCI/PCI transfers
[    0.625485] pci 0000:00:01.0: Activating ISA DMA hang workarounds
[    0.629207] Unpacking initramfs...
[    0.845818] Freeing initrd memory: 15392K
[    0.846924] clocksource: tsc: mask: 0xffffffffffffffff max_cycles: 0x19f22c73312, max_idle_ns: 440795259572 ns
[    0.849029] platform rtc_cmos: registered platform RTC device (no PNP device found)
[    0.850855] Scanning for low memory corruption every 60 seconds
[    0.852499] audit: initializing netlink subsys (disabled)
[    0.853606] audit: type=2000 audit(1570465809.632:1): initialized
[    0.855123] Initialise system trusted keyring
[    0.856269] HugeTLB registered 2 MB page size, pre-allocated 0 pages
[    0.858667] zbud: loaded
[    0.859762] VFS: Disk quotas dquot_6.6.0
[    0.860909] VFS: Dquot-cache hash table entries: 512 (order 0, 4096 bytes)
[    0.862575] squashfs: version 4.0 (2009/01/31) Phillip Lougher
[    0.864059] fuse init (API version 7.23)
[    0.865140] Key type big_key registered
[    0.866081] Allocating IMA MOK and blacklist keyrings.
[    0.868834] Key type asymmetric registered
[    0.869791] Asymmetric key parser 'x509' registered
[    0.870866] Block layer SCSI generic (bsg) driver version 0.4 loaded (major 249)
[    0.872593] io scheduler noop registered
[    0.873530] io scheduler deadline registered (default)
[    0.874767] io scheduler cfq registered
[    0.875690] pci_hotplug: PCI Hot Plug PCI Core version: 0.5
[    0.876907] pciehp: PCI Express Hot Plug Controller Driver version: 0.4
[    0.878402] ACPI: AC Adapter [AC] (on-line)
[    0.879404] input: Power Button as /devices/LNXSYSTM:00/LNXPWRBN:00/input/input0
[    0.881020] ACPI: Power Button [PWRF]
[    0.881986] input: Sleep Button as /devices/LNXSYSTM:00/LNXSLPBN:00/input/input1
[    0.883669] ACPI: Sleep Button [SLPF]
[    0.884738] GHES: HEST is not enabled!
[    0.885383] ACPI: Battery Slot [BAT0] (battery present)
[    0.886933] Serial: 8250/16550 driver, 32 ports, IRQ sharing enabled
[    0.910107] 00:02: ttyS0 at I/O 0x3f8 (irq = 4, base_baud = 115200) is a 16550A
[    0.915287] Linux agpgart interface v0.103
[    0.917686] loop: module loaded
[    0.918891] scsi host0: ata_piix
[    0.919762] scsi host1: ata_piix
[    0.920578] ata1: PATA max UDMA/33 cmd 0x1f0 ctl 0x3f6 bmdma 0xd000 irq 14
[    0.921820] ata2: PATA max UDMA/33 cmd 0x170 ctl 0x376 bmdma 0xd008 irq 15
[    0.923426] libphy: Fixed MDIO Bus: probed
[    0.924293] tun: Universal TUN/TAP device driver, 1.6
[    0.925284] tun: (C) 1999-2004 Max Krasnyansky <maxk@qualcomm.com>
[    0.926540] PPP generic driver version 2.4.2
[    0.927481] ehci_hcd: USB 2.0 'Enhanced' Host Controller (EHCI) Driver
[    0.928661] ehci-pci: EHCI PCI platform driver
[    0.929583] ehci-platform: EHCI generic platform driver
[    0.930670] ohci_hcd: USB 1.1 'Open' Host Controller (OHCI) Driver
[    0.931832] ohci-pci: OHCI PCI platform driver
[    0.932757] ohci-platform: OHCI generic platform driver
[    0.933799] uhci_hcd: USB Universal Host Controller Interface driver
[    0.935082] i8042: PNP: PS/2 Controller [PNP0303:PS2K,PNP0f03:PS2M] at 0x60,0x64 irq 1,12
[    0.937203] serio: i8042 KBD port at 0x60,0x64 irq 1
[    0.938240] serio: i8042 AUX port at 0x60,0x64 irq 12
[    0.939347] mousedev: PS/2 mouse device common for all mice
[    0.940733] input: AT Translated Set 2 keyboard as /devices/platform/i8042/serio0/input/input2
[    0.942899] rtc_cmos rtc_cmos: rtc core: registered rtc_cmos as rtc0
[    0.944082] rtc_cmos rtc_cmos: alarms up to one day, 114 bytes nvram
[    0.945239] i2c /dev entries driver
[    0.946104] device-mapper: uevent: version 1.0.3
[    0.947105] device-mapper: ioctl: 4.34.0-ioctl (2015-10-28) initialised: dm-devel@redhat.com
[    0.948788] ledtrig-cpu: registered to indicate activity on CPUs
[    0.950283] NET: Registered protocol family 10
[    0.951361] NET: Registered protocol family 17
[    0.952257] Key type dns_resolver registered
[    0.953427] registered taskstats version 1
[    0.954396] Loading compiled-in X.509 certificates
[    0.955808] Loaded X.509 cert 'Build time autogenerated kernel key: 0ed82eac04367aa6426493b1389455ebf6830eaa'
[    0.957706] zswap: loaded using pool lzo/zbud
[    0.959920] Key type trusted registered
[    0.962924] Key type encrypted registered
[    0.963760] AppArmor: AppArmor sha1 policy hashing enabled
[    0.964771] ima: No TPM chip found, activating TPM-bypass!
[    0.965823] ima: Allocated hash algorithm: sha1
[    0.966774] evm: HMAC attrs: 0x1
[    0.967769]   Magic number: 7:724:539
[    0.968597] tty ttyS19: hash matches
[    0.969424] rtc_cmos rtc_cmos: setting system clock to 2019-10-07 16:30:04 UTC (1570465804)
[    0.971258] BIOS EDD facility v0.16 2004-Jun-25, 0 devices found
[    0.972350] EDD information not available.
[    1.078803] Freeing unused kernel memory: 1484K
[    1.080283] Write protecting the kernel read-only data: 14336k
[    1.082728] Freeing unused kernel memory: 1608K
[    1.084349] Freeing unused kernel memory: 64K
Loading, please wait...
starting version 229
[    1.095295] random: systemd-udevd: uninitialized urandom read (16 bytes read, 3 bits of entropy available)
[    1.095771] random: udevadm: uninitialized urandom read (16 bytes read, 3 bits of entropy available)
[    1.095789] random: udevadm: uninitialized urandom read (16 bytes read, 3 bits of entropy available)
[    1.101382] random: systemd-udevd: uninitialized urandom read (16 bytes read, 3 bits of entropy available)
[    1.102696] random: udevadm: uninitialized urandom read (16 bytes read, 3 bits of entropy available)
[    1.102727] random: udevadm: uninitialized urandom read (16 bytes read, 3 bits of entropy available)
[    1.102834] random: udevadm: uninitialized urandom read (16 bytes read, 3 bits of entropy available)
[    1.102875] random: udevadm: uninitialized urandom read (16 bytes read, 3 bits of entropy available)
[    1.102912] random: udevadm: uninitialized urandom read (16 bytes read, 3 bits of entropy available)
[    1.102950] random: udevadm: uninitialized urandom read (16 bytes read, 3 bits of entropy available)
[    1.141193] e1000: Intel(R) PRO/1000 Network Driver - version 7.3.21-k8-NAPI
[    1.142624] e1000: Copyright (c) 1999-2006 Intel Corporation.
[    1.147476] Fusion MPT base driver 3.04.20
[    1.148447] Copyright (c) 1999-2008 LSI Corporation
[    1.165520] AVX2 version of gcm_enc/dec engaged.
[    1.166542] AES CTR mode by8 optimization enabled
[    1.172481] Fusion MPT SPI Host driver 3.04.20
[    1.363154] input: ImExPS/2 Generic Explorer Mouse as /devices/platform/i8042/serio1/input/input4
[    1.520089] e1000 0000:00:03.0 eth0: (PCI:33MHz:32-bit) 02:32:7c:93:db:e1
[    1.521479] e1000 0000:00:03.0 eth0: Intel(R) PRO/1000 Network Connection
[    1.887086] e1000 0000:00:08.0 eth1: (PCI:33MHz:32-bit) 08:00:27:ef:0c:8c
[    1.888378] e1000 0000:00:08.0 eth1: Intel(R) PRO/1000 Network Connection
[    1.890461] e1000 0000:00:08.0 enp0s8: renamed from eth1
[    1.891789] mptbase: ioc0: Initiating bringup
[    1.902519] e1000 0000:00:03.0 enp0s3: renamed from eth0
[    2.439207] ioc0: LSI53C1030 A0: Capabilities={Initiator}
[    2.908967] scsi host2: ioc0: LSI53C1030 A0, FwRev=00000000h, Ports=1, MaxQ=256, IRQ=20
[    3.808676] scsi 2:0:0:0: Direct-Access     VBOX     HARDDISK         1.0  PQ: 0 ANSI: 5
[    3.811975] scsi target2:0:0: Beginning Domain Validation
[    3.815922] scsi target2:0:0: Domain Validation skipping write tests
[    3.817161] scsi target2:0:0: Ending Domain Validation
[    3.830393] scsi target2:0:0: asynchronous
[    3.832262] scsi 2:0:1:0: Direct-Access     VBOX     HARDDISK         1.0  PQ: 0 ANSI: 5
[    3.834079] scsi target2:0:1: Beginning Domain Validation
[    3.837575] scsi target2:0:1: Domain Validation skipping write tests
[    3.838861] scsi target2:0:1: Ending Domain Validation
[    3.839970] scsi target2:0:1: asynchronous
[    3.848488] sd 2:0:0:0: Attached scsi generic sg0 type 0
[    3.849758] sd 2:0:1:0: Attached scsi generic sg1 type 0
[    3.849914] sd 2:0:0:0: [sda] 20971520 512-byte logical blocks: (10.7 GB/10.0 GiB)
[    3.852502] sd 2:0:1:0: [sdb] 20480 512-byte logical blocks: (10.5 MB/10.0 MiB)
[    3.854222] sd 2:0:0:0: [sda] Write Protect is off
[    3.854526] sd 2:0:0:0: [sda] Incomplete mode parameter data
[    3.854528] sd 2:0:0:0: [sda] Assuming drive cache: write through
[    3.858245]  sda: sda1
[    3.859288] sd 2:0:0:0: [sda] Attached SCSI disk
[    3.860728] sd 2:0:1:0: [sdb] Write Protect is off
[    3.862205] sd 2:0:1:0: [sdb] Incomplete mode parameter data
[    3.863391] sd 2:0:1:0: [sdb] Assuming drive cache: write through
[    3.868979] sd 2:0:1:0: [sdb] Attached SCSI disk
Begin: Loading essential drivers ... [    5.288351] md: linear personality registered for level -1
[    5.291397] md: multipath personality registered for level -4
[    5.294455] md: raid0 personality registered for level 0
[    5.298243] md: raid1 personality registered for level 1
[    5.370115] raid6: sse2x1   gen() 12536 MB/s
[    5.438445] raid6: sse2x1   xor()  9410 MB/s
[    5.505810] raid6: sse2x2   gen() 15517 MB/s
[    5.574108] raid6: sse2x2   xor() 10832 MB/s
[    5.641574] raid6: sse2x4   gen() 16090 MB/s
[    5.709803] raid6: sse2x4   xor() 11620 MB/s
[    5.778085] raid6: avx2x1   gen() 24958 MB/s
[    5.846396] raid6: avx2x2   gen() 28851 MB/s
[    5.913767] raid6: avx2x4   gen() 30757 MB/s
[    5.914806] raid6: using algorithm avx2x4 gen() 30757 MB/s
[    5.915917] raid6: using avx2x2 recovery algorithm
[    5.918018] xor: automatically using best checksumming function:
[    5.957594]    avx       : 25833.000 MB/sec
[    5.959458] async_tx: api initialized (async)
[    5.968314] md: raid6 personality registered for level 6
[    5.969491] md: raid5 personality registered for level 5
[    5.970693] md: raid4 personality registered for level 4
[    5.976622] md: raid10 personality registered for level 10
done.
Begin: Running /scripts/init-premount ... done.
Begin: Mounting root file system ... Begin: Running /scripts/local-top ... done.
Begin: Running /scripts/local-premount ... [    6.002903] Btrfs loaded
Scanning for Btrfs filesystems
done.
Warning: fsck not present, so skipping root file system
[    6.034176] EXT4-fs (sda1): mounted filesystem with ordered data mode. Opts: (null)
done.
Begin: Running /scripts/local-bottom ... done.
Begin: Running /scripts/init-bottom ... done.
[    6.134422] systemd[1]: systemd 229 running in system mode. (+PAM +AUDIT +SELINUX +IMA +APPARMOR +SMACK +SYSVINIT +UTMP +LIBCRYPTSETUP +GCRYPT +GNUTLS +ACL +XZ -LZ4 +SECCOMP +BLKID +ELFUTILS +KMOD -IDN)
[    6.137743] systemd[1]: Detected virtualization oracle.
[    6.138869] systemd[1]: Detected architecture x86-64.

Welcome to [1mUbuntu 16.04.6 LTS[0m!

[    6.142872] systemd[1]: Set hostname to <ubuntu-xenial>.
[    6.271466] systemd[1]: Listening on Journal Audit Socket.
[[0;32m  OK  [0m] Listening on Journal Audit Socket.
[    6.278455] systemd[1]: Started Trigger resolvconf update for networkd DNS.
[[0;32m  OK  [0m] Started Trigger resolvconf update for networkd DNS.
[    6.286120] systemd[1]: Created slice System Slice.
[[0;32m  OK  [0m] Created slice System Slice.
[    6.293952] systemd[1]: Reached target Swap.
[[0;32m  OK  [0m] Reached target Swap.
[    6.301973] systemd[1]: Listening on LVM2 metadata daemon socket.
[[0;32m  OK  [0m] Listening on LVM2 metadata daemon socket.
[    6.304094] systemd[1]: Started Forward Password Requests to Wall Directory Watch.
[[0;32m  OK  [0m] Started Forward Password Requests to Wall Directory Watch.
[    6.314697] systemd[1]: Created slice system-serial\x2dgetty.slice.
[[0;32m  OK  [0m] Created slice system-serial\x2dgetty.slice.
[    6.322855] systemd[1]: Listening on Device-mapper event daemon FIFOs.
[[0;32m  OK  [0m] Listening on Device-mapper event daemon FIFOs.
[    6.330294] systemd[1]: Set up automount Arbitrary Executable File Formats File System Automount Point.
[[0;32m  OK  [0m] Set up automount Arbitrary Executab...ats File System Automount Point.
[    6.338183] systemd[1]: Listening on udev Control Socket.
[[0;32m  OK  [0m] Listening on udev Control Socket.
[    6.346105] systemd[1]: Listening on udev Kernel Socket.
[[0;32m  OK  [0m] Listening on udev Kernel Socket.
[    6.354230] systemd[1]: Listening on /dev/initctl Compatibility Named Pipe.
[[0;32m  OK  [0m] Listening on /dev/initctl Compatibility Named Pipe.
[    6.362112] systemd[1]: Reached target User and Group Name Lookups.
[[0;32m  OK  [0m] Reached target User and Group Name Lookups.
[    6.369705] systemd[1]: Reached target System Time Synchronized.
[[0;32m  OK  [0m] Reached target System Time Synchronized.
[    6.378608] systemd[1]: Listening on Journal Socket.
[[0;32m  OK  [0m] Listening on Journal Socket.
[    6.398289] systemd[1]: Starting Uncomplicated firewall...
         Starting Uncomplicated firewall...
[    6.401580] systemd[1]: Starting Remount Root and Kernel File Systems...
         Starting Remount Root and Kernel File Systems...
[    6.404251] systemd[1]: Starting Create list of required static device nodes for the current kernel...
         Starting Create list of required st... nodes for the current kernel...
[    6.416013] EXT4-fs (sda1): re-mounted. Opts: (null)
[    6.416966] systemd[1]: Starting Load Kernel Modules...
         Starting Load Kernel Modules...
[    6.419873] systemd[1]: Starting Nameserver information manager...
         Starting Nameserver information manager...
[    6.424380] systemd[1]: Mounting Debug File System...
         Mounting Debug File System...
[    6.426532] systemd[1]: Starting Monitoring of LVM2 mirrors, snapshots etc. using dmeventd or progress polling...
         Starting Monitoring of LVM2 mirrors... dmeventd or progress polling...
[    6.429814] systemd[1]: Mounting Huge Pages File System...
         Mounting Huge Pages File System...
[    6.431742] Loading iSCSI transport class v2.0-870.
[    6.432110] systemd[1]: Starting Set console keymap...
         Starting Set console keymap...
[    6.434455] systemd[1]: Reached target Encrypted Volumes.
[[0;32m  OK  [0m] Reached target Encrypted Volumes.
[    6.445837] systemd[1]: Listening on Syslog Socket.
[[0;32m  OK  [0m] Listening on Syslog Socket.
[    6.452041] iscsi: registered transport (tcp)
[    6.453843] systemd[1]: Listening on Journal Socket (/dev/log).
[[0;32m  OK  [0m] Listening on Journal Socket (/dev/log).
[    6.461791] systemd[1]: Starting Journal Service...
         Starting Journal Service...
[    6.463612] systemd[1]: Listening on LVM2 poll daemon socket.
[[0;32m  OK  [0m] Listening on LVM2 poll daemon socket.
[    6.465743] systemd[1]: Created slice User and Session Slice.
[[0;32m  OK  [0m] Created slice User and Session Slice.
[    6.469755] systemd[1]: Reached target Slices.
[[0;32m  OK  [0m] Reached target Slices.
[    6.475131] systemd[1]: Mounting POSIX Message Queue File System...
         Mounting POSIX Message Queue File System...
[    6.478761] systemd[1]: Mounted Huge Pages File System.
[[0;32m  OK  [0m] Mounted Huge Pages File System.
[    6.485890] systemd[1]: Mounted POSIX Message Queue File System.
[[0;32m  OK  [0m] Mounted POSIX Message Queue File System.
[    6.489677] systemd[1]: Mounted Debug File System.
[[0;32m  OK  [0m] Mounted Debug File System.
[    6.497846] systemd[1]: Started Journal Service.
[[0;32m  OK  [0m] Started Journal Service.
[[0;32m  OK  [0m] Started Uncomplicated firewall.
[[0;32m  OK  [0m] Started Remount Root and Kernel File Systems.
[[0;32m  OK  [0m] Started Create list of required sta...ce nodes for the current kernel.
[    6.507525] iscsi: registered transport (iser)
[[0;32m  OK  [0m] Started Load Kernel Modules.
[[0;32m  OK  [0m] Started Set console keymap.
[[0;32m  OK  [0m] Started Nameserver information manager.
[[0;32m  OK  [0m] Started LVM2 metadata daemon.
         Mounting FUSE Control File System...
         Starting Apply Kernel Variables...
         Starting Create Static Device Nodes in /dev...
         Starting udev Coldplug all Devices...
         Starting Load/Save Random Seed...
         Starting Flush Journal to Persistent Storage...
[[0;32m  OK  [0m] Mounted FUSE Control File System.
[[0;32m  OK  [0m] Started Apply Kernel Variables.
[[0;32m  OK  [0m] Started Load/Save Random Seed.
[[0;32m  OK  [0m] Started Create Static Device Nodes in /dev.
[[0;32m  OK  [0m] Started udev Coldplug all Devices.
[[0;32m  OK  [0m] Started Flush Journal to Persistent Storage.
         Starting udev Kernel Device Manager...
[[0;32m  OK  [0m] Started udev Kernel Device Manager.
[[0;32m  OK  [0m] Started Dispatch Password Requests to Console Directory Watch.
[[0;32m  OK  [0m] Started Monitoring of LVM2 mirrors,...ng dmeventd or progress polling.
[[0;32m  OK  [0m] Reached target Local File Systems (Pre).
[[0;32m  OK  [0m] Reached target Local File Systems.
         Starting Initial cloud-init job (pre-networking)...
         Starting LSB: AppArmor initialization...
         Starting Create Volatile Files and Directories...
         Starting Set console font and keymap...
         Starting Tell Plymouth To Write Out Runtime Data...
[[0;32m  OK  [0m] Started Create Volatile Files and Directories.
[[0;32m  OK  [0m] Started Tell Plymouth To Write Out Runtime Data.
[[0;32m  OK  [0m] Found device /dev/ttyS0.
[[0;32m  OK  [0m] Listening on Load/Save RF Kill Switch Status /dev/rfkill Watch.
         Starting Update UTMP about System Boot/Shutdown...
[[0;32m  OK  [0m] Started LSB: AppArmor initialization.
[[0;32m  OK  [0m] Found device 82540EM Gigabit Ethern...r (PRO/1000 MT Desktop Adapter).
[[0;32m  OK  [0m] Started Update UTMP about System Boot/Shutdown.
[[0;32m  OK  [0m] Found device 82540EM Gigabit Ethern...r (PRO/1000 MT Desktop Adapter).
[    7.588365] [[0;32m  OK  [0m] Started Initial cloud-init job (pre-networking).
cloud-init[505]: Cloud-init v. 19.2-36-g059d049c-0ubuntu1~16.04.1 running 'init-local' at Mon, 07 Oct 2019 16:30:11 +0000. Up 7.27 seconds.
[[0;32m  OK  [0m] Reached target Network (Pre).
[[0;32m  OK  [0m] Started ifup for enp0s8.
[[0;32m  OK  [0m] Started ifup for enp0s3.
         Starting Raise network interfaces...
[[0;32m  OK  [0m] Started Set console font and keymap.
[[0;32m  OK  [0m] Created slice system-getty.slice.
[[0;32m  OK  [0m] Started Raise network interfaces.
[[0;32m  OK  [0m] Reached target Network.
         Starting Initial cloud-init job (metadata service crawler)...
[    8.555286] cloud-init[1074]: Cloud-init v. 19.2-36-g059d049c-0ubuntu1~16.04.1 running 'init' at Mon, 07 Oct 2019 16:30:12 +0000. Up 8.25 seconds.
[    8.568664] cloud-init[1074]: ci-info: ++++++++++++++++++++++++++++++++++++++Net device info++++++++++++++++++++++++++++++++++++++
[    8.581060] cloud-init[1074]: ci-info: +--------+------+----------------------------+---------------+--------+-------------------+
[    8.589101] cloud-init[1074]: ci-info: | Device |  Up  |          Address           |      Mask     | Scope  |     Hw-Address    |
[    8.596412] cloud-init[1074]: ci-info: +--------+------+----------------------------+---------------+--------+-------------------+
[    8.597815] cloud-init[1074]: ci-info: | enp0s3 | True |         10.0.2.15          | 255.255.255.0 | global | 02:32:7c:93:db:e1 |
[    8.599263] cloud-init[1074]: ci-info: | enp0s3 | True | fe80::32:7cff:fe93:dbe1/64 |       .       |  link  | 02:32:7c:93:db:e1 |
[    8.601048] [[0;32m  OK  [0m] Started Initial cloud-init job (metadata service crawler).
cloud-init[1074]: ci-info: | enp0s8 | True |       192.168.33.10        | 255.255.255.0 | global | 08:00:27:ef:0c:8c |[
[0;32m  OK  [0m] Reached target Cloud-config availability.
[    8.603020] [[0;32m  OK  [0m] Reached target Network is Online.
cloud-init[1074]: ci-info: | enp0s8 | True | fe80::a00:27ff:feef:c8c/64 |       .       |  link  | 08:00:27:ef:0c:8c |
[    8.612168] cloud-init[1074]: ci-info: |   lo   | True |         127.0.0.1          |   255.0.0.0   |  host  |         .         |
[    8.620235]          Starting iSCSI initiator daemon (iscsid)...
[[0;32m  OK  [0m] Reached target System Initialization.
cloud-init[1074]: ci-info: |   lo   | True |          ::1/128           |       .       |  host  |         .         |
         Starting Socket activation for snappy daemon.
[[0;32m  OK  [0m] Listening on ACPID Listen Socket.
[    8.622339]          Starting LXD - unix socket.
cloud-init[1074]: ci-info: +--------+------+----------------------------+---------------+--------+-------------------+
[    8.623825] cloud-init[1074]: ci-info: ++++++++++++++++++++++++++++Route IPv4 info++++++++++++++++++++++++++++
[[0;32m  OK  [0m] Started Daily apt download activities.
[[0;32m  OK  [0m] Listening on D-Bus System Message Bus Socket.
[    8.625406] cloud-init[1074]: ci-info: +-------+--------------+----------+---------------+-----------+-------+
[    8.634518] [[0;32m  OK  [0m] Started ACPI Events Check.
[[0;32m  OK  [0m] Reached target Paths.
cloud-init[1074]: ci-info: | Route | Destination  | Gateway  |    Genmask    | Interface | Flags |
[    8.636243] [cloud-init[0;32m  OK  [0m[1074]: ] ci-info: +-------+--------------+----------+---------------+-----------+-------+Listening on UUID daemon activation socket.

[[0;32m  OK  [0m] Started Daily Cleanup of Temporary Directories.
[[0;32m  OK  [0m] Started Daily apt upgrade and clean activities.
[[0;32m  OK  [0m] Reached target Timers.
[    8.636922] cloud-init[1074]: ci-info: |   0   |   0.0.0.0    | 10.0.2.2 |    0.0.0.0    |   enp0s3  |   UG  |
[    8.640249] cloud-init[1074]: ci-info: |   1   |   10.0.2.0   | 0.0.0.0  | 255.255.255.0 |   enp0s3  |   U   |
[    8.648235] cloud-init[1074]: ci-info: |   2   | 192.168.33.0 | 0.0.0.0  | 255.255.255.0 |   enp0s8  |   U   |
[    8.649413] cloud-init[1074]: ci-info: +-------+--------------+----------+---------------+-----------+-------+
[    8.650524] cloud-init[1074]: ci-info: +++++++++++++++++++Route IPv6 info+++++++++++++++++++
[    8.651658] cloud-init[1074]: ci-info: +-------+-------------+---------+-----------+-------+
[    8.652582] cloud-init[1074]: ci-info: | Route | Destination | Gateway | Interface | Flags |
[    8.654326] [[0;32m  OK  [0m] Listening on Socket activation for snappy daemon.
[[0;32m  OK  [0m] Listening on LXD - unix socket.
cloud-init[1074]: ci-info: +-------+-------------+---------+-----------+-------+
[    8.656543] cloud-init[1074]: ci-info: |   0   |  fe80::/64  |    ::   |   enp0s8  |   U   |
[    8.665158] [[0;32m  OK  [0m] Started iSCSI initiator daemon (iscsid).
cloud-init[1074]: ci-info: |   1   |  fe80::/64  |    ::   |   enp0s3  |   U   |
[    8.666588] cloud-init[1074]: ci-info: |   4   |   ff00::/8  |    ::   |   enp0s8  |   U   |
[    8.667795] cloud-init[1074]: ci-info: |   5   |   ff00::/8  |    ::   |   enp0s3  |   U   |
[    8.668915] cloud-init[1074]: ci-info: +-------+-------------+---------+-----------+-------+
         Starting Login to default iSCSI targets...
[[0;32m  OK  [0m] Reached target Sockets.
[[0;32m  OK  [0m] Reached target Basic System.
         Starting Virtualbox guest utils...
         Starting OpenBSD Secure Shell server...
         Starting LXD - container startup/shutdown...
[[0;32m  OK  [0m] Started D-Bus System Message Bus.
         Starting LSB: Record successful boot for GRUB...
[[0;32m  OK  [0m] Started FUSE filesystem for LXC.
         Starting LSB: MD monitoring daemon...
         Starting MySQL Community Server...
         Starting Login Service...
         Starting /etc/rc.local Compatibility...
[[0;32m  OK  [0m] Started Deferred execution scheduler.
[[0;32m  OK  [0m] Started ACPI event daemon.
[[0;32m  OK  [0m] Started Regular background program processing daemon.
         Starting Accounts Service...
         Starting Snappy daemon...
         Starting System Logging Service...
[[0;32m  OK  [0m] Started /etc/rc.local Compatibility.
[[0;32m  OK  [0m] Started OpenBSD Secure Shell server.
[[0;32m  OK  [0m] Started System Logging Service.
[[0;32m  OK  [0m] Started Login to default iSCSI targets.
[[0;32m  OK  [0m] Started LSB: Record successful boot for GRUB.
[[0;32m  OK  [0m] Started LXD - container startup/shutdown.
[[0;32m  OK  [0m] Started LSB: MD monitoring daemon.
[[0;32m  OK  [0m] Started Virtualbox guest utils.
[[0;32m  OK  [0m] Started Login Service.
[[0;32m  OK  [0m] Started Unattended Upgrades Shutdown.
         Starting Authenticate and Authorize Users to Run Privileged Tasks...
[[0;32m  OK  [0m] Reached target Remote File Systems (Pre).
[[0;32m  OK  [0m] Reached target Remote File Systems.
         Starting LSB: daemon to balance interrupts for SMP systems...
         Starting LSB: Apache2 web server...
         Starting LSB: Set the CPU Frequency Scaling governor to "ondemand"...
         Starting LSB: automatic crash report generation...
         Starting Permit User Sessions...
[[0;32m  OK  [0m] Started Permit User Sessions.
[[0;32m  OK  [0m] Started Authenticate and Authorize Users to Run Privileged Tasks.
[[0;32m  OK  [0m] Started Accounts Service.
         Starting Terminate Plymouth Boot Screen...
         Starting Hold until boot process finishes up...
[[0;32m  OK  [0m] Started LSB: daemon to balance interrupts for SMP systems.
[[0;32m  OK  [0m] Started LSB: Set the CPU Frequency Scaling governor to "ondemand".
[[0;32m  OK  [0m] Started LSB: automatic crash report generation.
[[0;32m  OK  [0m] Started Terminate Plymouth Boot Screen.
[[0;32m  OK  [0m] Started Hold until boot process finishes up.
         Starting Set console scheme...
[[0;32m  OK  [0m] Started Getty on tty1.
[[0;32m  OK  [0m] Started Serial Getty on ttyS0.
[[0;32m  OK  [0m] Reached target Login Prompts.
[[0;32m  OK  [0m] Started Snappy daemon.
[[0;32m  OK  [0m] Started Set console scheme.
         Starting Wait until snapd is fully seeded...
[[0;32m  OK  [0m] Started Wait until snapd is fully seeded.
         Starting Apply the settings specified in cloud-config...
[[0;32m  OK  [0m] Started MySQL Community Server.
[   10.034726] cloud-init[1372]: Cloud-init v. 19.2-36-g059d049c-0ubuntu1~16.04.1 running 'modules:config' at Mon, 07 Oct 2019 16:30:13 +0000. Up 9.91 seconds.
[[0;32m  OK  [0m] Started Apply the settings specified in cloud-config.
[[0;32m  OK  [0m] Started LSB: Apache2 web server.
[[0;32m  OK  [0m] Reached target Multi-User System.
[[0;32m  OK  [0m] Reached target Graphical Interface.
         Starting Update UTMP about System Runlevel Changes...
         Starting Execute cloud user/final scripts...
[[0;32m  OK  [0m] Started Update UTMP about System Runlevel Changes.
[   10.918057] cloud-init[1433]: Cloud-init v. 19.2-36-g059d049c-0ubuntu1~16.04.1 running 'modules:final' at Mon, 07 Oct 2019 16:30:14 +0000. Up 10.78 seconds.
[   10.920030] cloud-init[1433]: Cloud-init v. 19.2-36-g059d049c-0ubuntu1~16.04.1 finished at Mon, 07 Oct 2019 16:30:14 +0000. Datasource DataSourceNoCloud [seed=/dev/sdb][dsmode=net].  Up 10.91 seconds
[[0;32m  OK  [0m] Started Execute cloud user/final scripts.
[[0;32m  OK  [0m] Reached target Cloud-init target.
         Starting Daily apt download activities...
[[0;32m  OK  [0m] Created slice User Slice of vagrant.
         Starting User Manager for UID 1000...
[[0;32m  OK  [0m] Started Session 1 of user vagrant.
[[0;32m  OK  [0m] Started User Manager for UID 1000.

Ubuntu 16.04.6 LTS ubuntu-xenial ttyS0

ubuntu-xenial login: 